[2K[1G[2m$ docker compose up[22m
Attaching to kafka_1, zookeeper_1
zookeeper_1  | ===> User
zookeeper_1  | uid=1000(appuser) gid=1000(appuser) groups=1000(appuser)
zookeeper_1  | ===> Configuring ...
zookeeper_1  | ===> Running preflight checks ... 
zookeeper_1  | ===> Check if /var/lib/zookeeper/data is writable ...
zookeeper_1  | ===> Check if /var/lib/zookeeper/log is writable ...
zookeeper_1  | ===> Launching ... 
zookeeper_1  | ===> Launching zookeeper ... 
kafka_1      | ===> User
kafka_1      | uid=1000(appuser) gid=1000(appuser) groups=1000(appuser)
kafka_1      | ===> Configuring ...
zookeeper_1  | [2023-01-11 08:40:04,840] INFO Reading configuration from: /etc/kafka/zookeeper.properties (org.apache.zookeeper.server.quorum.QuorumPeerConfig)
zookeeper_1  | [2023-01-11 08:40:04,858] INFO clientPortAddress is 0.0.0.0:2181 (org.apache.zookeeper.server.quorum.QuorumPeerConfig)
zookeeper_1  | [2023-01-11 08:40:04,858] INFO secureClientPort is not set (org.apache.zookeeper.server.quorum.QuorumPeerConfig)
zookeeper_1  | [2023-01-11 08:40:04,858] INFO observerMasterPort is not set (org.apache.zookeeper.server.quorum.QuorumPeerConfig)
zookeeper_1  | [2023-01-11 08:40:04,858] INFO metricsProvider.className is org.apache.zookeeper.metrics.impl.DefaultMetricsProvider (org.apache.zookeeper.server.quorum.QuorumPeerConfig)
zookeeper_1  | [2023-01-11 08:40:04,861] INFO autopurge.snapRetainCount set to 3 (org.apache.zookeeper.server.DatadirCleanupManager)
zookeeper_1  | [2023-01-11 08:40:04,861] INFO autopurge.purgeInterval set to 0 (org.apache.zookeeper.server.DatadirCleanupManager)
zookeeper_1  | [2023-01-11 08:40:04,861] INFO Purge task is not scheduled. (org.apache.zookeeper.server.DatadirCleanupManager)
zookeeper_1  | [2023-01-11 08:40:04,861] WARN Either no config or no quorum defined in config, running in standalone mode (org.apache.zookeeper.server.quorum.QuorumPeerMain)
zookeeper_1  | [2023-01-11 08:40:04,863] INFO Log4j 1.2 jmx support not found; jmx disabled. (org.apache.zookeeper.jmx.ManagedUtil)
zookeeper_1  | [2023-01-11 08:40:04,864] INFO Reading configuration from: /etc/kafka/zookeeper.properties (org.apache.zookeeper.server.quorum.QuorumPeerConfig)
zookeeper_1  | [2023-01-11 08:40:04,865] INFO clientPortAddress is 0.0.0.0:2181 (org.apache.zookeeper.server.quorum.QuorumPeerConfig)
zookeeper_1  | [2023-01-11 08:40:04,865] INFO secureClientPort is not set (org.apache.zookeeper.server.quorum.QuorumPeerConfig)
zookeeper_1  | [2023-01-11 08:40:04,865] INFO observerMasterPort is not set (org.apache.zookeeper.server.quorum.QuorumPeerConfig)
zookeeper_1  | [2023-01-11 08:40:04,865] INFO metricsProvider.className is org.apache.zookeeper.metrics.impl.DefaultMetricsProvider (org.apache.zookeeper.server.quorum.QuorumPeerConfig)
zookeeper_1  | [2023-01-11 08:40:04,865] INFO Starting server (org.apache.zookeeper.server.ZooKeeperServerMain)
zookeeper_1  | [2023-01-11 08:40:04,888] INFO ServerMetrics initialized with provider org.apache.zookeeper.metrics.impl.DefaultMetricsProvider@4a668b6e (org.apache.zookeeper.server.ServerMetrics)
zookeeper_1  | [2023-01-11 08:40:04,894] INFO zookeeper.snapshot.trust.empty : false (org.apache.zookeeper.server.persistence.FileTxnSnapLog)
zookeeper_1  | [2023-01-11 08:40:04,909] INFO  (org.apache.zookeeper.server.ZooKeeperServer)
zookeeper_1  | [2023-01-11 08:40:04,909] INFO   ______                  _                                           (org.apache.zookeeper.server.ZooKeeperServer)
zookeeper_1  | [2023-01-11 08:40:04,910] INFO  |___  /                 | |                                          (org.apache.zookeeper.server.ZooKeeperServer)
zookeeper_1  | [2023-01-11 08:40:04,910] INFO     / /    ___     ___   | | __   ___    ___   _ __     ___   _ __    (org.apache.zookeeper.server.ZooKeeperServer)
zookeeper_1  | [2023-01-11 08:40:04,910] INFO    / /    / _ \   / _ \  | |/ /  / _ \  / _ \ | '_ \   / _ \ | '__| (org.apache.zookeeper.server.ZooKeeperServer)
zookeeper_1  | [2023-01-11 08:40:04,910] INFO   / /__  | (_) | | (_) | |   <  |  __/ |  __/ | |_) | |  __/ | |     (org.apache.zookeeper.server.ZooKeeperServer)
zookeeper_1  | [2023-01-11 08:40:04,910] INFO  /_____|  \___/   \___/  |_|\_\  \___|  \___| | .__/   \___| |_| (org.apache.zookeeper.server.ZooKeeperServer)
zookeeper_1  | [2023-01-11 08:40:04,910] INFO                                               | |                      (org.apache.zookeeper.server.ZooKeeperServer)
zookeeper_1  | [2023-01-11 08:40:04,910] INFO                                               |_|                      (org.apache.zookeeper.server.ZooKeeperServer)
zookeeper_1  | [2023-01-11 08:40:04,910] INFO  (org.apache.zookeeper.server.ZooKeeperServer)
zookeeper_1  | [2023-01-11 08:40:04,912] INFO Server environment:zookeeper.version=3.6.3--6401e4ad2087061bc6b9f80dec2d69f2e3c8660a, built on 04/08/2021 16:35 GMT (org.apache.zookeeper.server.ZooKeeperServer)
zookeeper_1  | [2023-01-11 08:40:04,912] INFO Server environment:host.name=c3a5bc66bb0d (org.apache.zookeeper.server.ZooKeeperServer)
zookeeper_1  | [2023-01-11 08:40:04,912] INFO Server environment:java.version=11.0.17 (org.apache.zookeeper.server.ZooKeeperServer)
zookeeper_1  | [2023-01-11 08:40:04,912] INFO Server environment:java.vendor=Azul Systems, Inc. (org.apache.zookeeper.server.ZooKeeperServer)
zookeeper_1  | [2023-01-11 08:40:04,912] INFO Server environment:java.home=/usr/lib/jvm/zulu11-ca (org.apache.zookeeper.server.ZooKeeperServer)
zookeeper_1  | [2023-01-11 08:40:04,912] INFO Server environment:java.class.path=/usr/bin/../share/java/kafka/jetty-servlets-9.4.48.v20220622.jar:/usr/bin/../share/java/kafka/scala-java8-compat_2.13-1.0.2.jar:/usr/bin/../share/java/kafka/jackson-jaxrs-base-2.13.4.jar:/usr/bin/../share/java/kafka/netty-handler-4.1.79.Final.jar:/usr/bin/../share/java/kafka/jakarta.ws.rs-api-2.1.6.jar:/usr/bin/../share/java/kafka/activation-1.1.1.jar:/usr/bin/../share/java/kafka/kafka-tools-7.3.1-ccs.jar:/usr/bin/../share/java/kafka/javax.ws.rs-api-2.1.1.jar:/usr/bin/../share/java/kafka/rocksdbjni-7.1.2.jar:/usr/bin/../share/java/kafka/scala-logging_2.13-3.9.4.jar:/usr/bin/../share/java/kafka/kafka-streams-scala_2.13-7.3.1-ccs.jar:/usr/bin/../share/java/kafka/jackson-annotations-2.13.3.jar:/usr/bin/../share/java/kafka/kafka-shell-7.3.1-ccs.jar:/usr/bin/../share/java/kafka/kafka-streams-test-utils-7.3.1-ccs.jar:/usr/bin/../share/java/kafka/reflections-0.9.12.jar:/usr/bin/../share/java/kafka/netty-codec-4.1.79.Final.jar:/usr/bin/../share/java/kafka/metrics-core-2.2.0.jar:/usr/bin/../share/java/kafka/netty-transport-4.1.79.Final.jar:/usr/bin/../share/java/kafka/jakarta.xml.bind-api-2.3.3.jar:/usr/bin/../share/java/kafka/jetty-continuation-9.4.48.v20220622.jar:/usr/bin/../share/java/kafka/netty-transport-classes-epoll-4.1.79.Final.jar:/usr/bin/../share/java/kafka/jetty-client-9.4.48.v20220622.jar:/usr/bin/../share/java/kafka/reload4j-1.2.19.jar:/usr/bin/../share/java/kafka/jetty-http-9.4.48.v20220622.jar:/usr/bin/../share/java/kafka/jersey-container-servlet-2.34.jar:/usr/bin/../share/java/kafka/jetty-util-9.4.48.v20220622.jar:/usr/bin/../share/java/kafka/zookeeper-3.6.3.jar:/usr/bin/../share/java/kafka/paranamer-2.8.jar:/usr/bin/../share/java/kafka/kafka_2.13-7.3.1-ccs.jar:/usr/bin/../share/java/kafka/connect-api-7.3.1-ccs.jar:/usr/bin/../share/java/kafka/slf4j-api-1.7.36.jar:/usr/bin/../share/java/kafka/commons-lang3-3.8.1.jar:/usr/bin/../share/java/kafka/jackson-databind-2.13.4.2.jar:/usr/bin/../share/java/kafka/javassist-3.27.0-GA.jar:/usr/bin/../share/java/kafka/jakarta.activation-api-1.2.2.jar:/usr/bin/../share/java/kafka/audience-annotations-0.5.0.jar:/usr/bin/../share/java/kafka/jline-3.21.0.jar:/usr/bin/../share/java/kafka/kafka.jar:/usr/bin/../share/java/kafka/javax.servlet-api-3.1.0.jar:/usr/bin/../share/java/kafka/trogdor-7.3.1-ccs.jar:/usr/bin/../share/java/kafka/kafka-log4j-appender-7.3.1-ccs.jar:/usr/bin/../share/java/kafka/connect-mirror-7.3.1-ccs.jar:/usr/bin/../share/java/kafka/argparse4j-0.7.0.jar:/usr/bin/../share/java/kafka/swagger-annotations-2.2.0.jar:/usr/bin/../share/java/kafka/jersey-container-servlet-core-2.34.jar:/usr/bin/../share/java/kafka/jersey-common-2.34.jar:/usr/bin/../share/java/kafka/kafka-server-common-7.3.1-ccs.jar:/usr/bin/../share/java/kafka/kafka-storage-7.3.1-ccs.jar:/usr/bin/../share/java/kafka/scala-reflect-2.13.10.jar:/usr/bin/../share/java/kafka/kafka-storage-api-7.3.1-ccs.jar:/usr/bin/../share/java/kafka/jersey-hk2-2.34.jar:/usr/bin/../share/java/kafka/aopalliance-repackaged-2.6.1.jar:/usr/bin/../share/java/kafka/zookeeper-jute-3.6.3.jar:/usr/bin/../share/java/kafka/kafka-streams-examples-7.3.1-ccs.jar:/usr/bin/../share/java/kafka/scala-collection-compat_2.13-2.6.0.jar:/usr/bin/../share/java/kafka/jackson-module-scala_2.13-2.13.4.jar:/usr/bin/../share/java/kafka/jersey-client-2.34.jar:/usr/bin/../share/java/kafka/hk2-utils-2.6.1.jar:/usr/bin/../share/java/kafka/connect-mirror-client-7.3.1-ccs.jar:/usr/bin/../share/java/kafka/connect-transforms-7.3.1-ccs.jar:/usr/bin/../share/java/kafka/jetty-servlet-9.4.48.v20220622.jar:/usr/bin/../share/java/kafka/commons-cli-1.4.jar:/usr/bin/../share/java/kafka/kafka-clients-7.3.1-ccs.jar:/usr/bin/../share/java/kafka/kafka-metadata-7.3.1-ccs.jar:/usr/bin/../share/java/kafka/jackson-module-jaxb-annotations-2.13.4.jar:/usr/bin/../share/java/kafka/connect-runtime-7.3.1-ccs.jar:/usr/bin/../share/java/kafka/netty-transport-native-epoll-4.1.79.Final.jar:/usr/bin/../share/java/kafka/jose4j-0.7.9.jar:/usr/bin/../share/java/kafka/jaxb-api-2.3.0.jar:/usr/bin/../share/java/kafka/zstd-jni-1.5.2-1.jar:/usr/bin/../share/java/kafka/scala-library-2.13.10.jar:/usr/bin/../share/java/kafka/jackson-jaxrs-json-provider-2.13.4.jar:/usr/bin/../share/java/kafka/jetty-server-9.4.48.v20220622.jar:/usr/bin/../share/java/kafka/hk2-api-2.6.1.jar:/usr/bin/../share/java/kafka/netty-common-4.1.79.Final.jar:/usr/bin/../share/java/kafka/kafka-streams-7.3.1-ccs.jar:/usr/bin/../share/java/kafka/jackson-core-2.13.4.jar:/usr/bin/../share/java/kafka/snappy-java-1.1.8.4.jar:/usr/bin/../share/java/kafka/jersey-server-2.34.jar:/usr/bin/../share/java/kafka/jetty-security-9.4.48.v20220622.jar:/usr/bin/../share/java/kafka/maven-artifact-3.8.4.jar:/usr/bin/../share/java/kafka/lz4-java-1.8.0.jar:/usr/bin/../share/java/kafka/jackson-dataformat-csv-2.13.4.jar:/usr/bin/../share/java/kafka/osgi-resource-locator-1.0.3.jar:/usr/bin/../share/java/kafka/plexus-utils-3.3.0.jar:/usr/bin/../share/java/kafka/connect-basic-auth-extension-7.3.1-ccs.jar:/usr/bin/../share/java/kafka/jakarta.annotation-api-1.3.5.jar:/usr/bin/../share/java/kafka/kafka-raft-7.3.1-ccs.jar:/usr/bin/../share/java/kafka/jetty-util-ajax-9.4.48.v20220622.jar:/usr/bin/../share/java/kafka/netty-resolver-4.1.79.Final.jar:/usr/bin/../share/java/kafka/slf4j-reload4j-1.7.36.jar:/usr/bin/../share/java/kafka/jakarta.inject-2.6.1.jar:/usr/bin/../share/java/kafka/jetty-io-9.4.48.v20220622.jar:/usr/bin/../share/java/kafka/netty-buffer-4.1.79.Final.jar:/usr/bin/../share/java/kafka/connect-json-7.3.1-ccs.jar:/usr/bin/../share/java/kafka/jakarta.validation-api-2.0.2.jar:/usr/bin/../share/java/kafka/hk2-locator-2.6.1.jar:/usr/bin/../share/java/kafka/metrics-core-4.1.12.1.jar:/usr/bin/../share/java/kafka/jopt-simple-5.0.4.jar:/usr/bin/../share/java/kafka/jackson-datatype-jdk8-2.13.4.jar:/usr/bin/../share/java/kafka/netty-transport-native-unix-common-4.1.79.Final.jar:/usr/bin/../share/java/kafka/commons-lang3-3.12.0.jar:/usr/bin/../share/java/confluent-telemetry/* (org.apache.zookeeper.server.ZooKeeperServer)
zookeeper_1  | [2023-01-11 08:40:04,912] INFO Server environment:java.library.path=/usr/java/packages/lib:/usr/lib64:/lib64:/lib:/usr/lib (org.apache.zookeeper.server.ZooKeeperServer)
zookeeper_1  | [2023-01-11 08:40:04,912] INFO Server environment:java.io.tmpdir=/tmp (org.apache.zookeeper.server.ZooKeeperServer)
zookeeper_1  | [2023-01-11 08:40:04,912] INFO Server environment:java.compiler=<NA> (org.apache.zookeeper.server.ZooKeeperServer)
zookeeper_1  | [2023-01-11 08:40:04,912] INFO Server environment:os.name=Linux (org.apache.zookeeper.server.ZooKeeperServer)
zookeeper_1  | [2023-01-11 08:40:04,912] INFO Server environment:os.arch=amd64 (org.apache.zookeeper.server.ZooKeeperServer)
zookeeper_1  | [2023-01-11 08:40:04,913] INFO Server environment:os.version=5.10.25-linuxkit (org.apache.zookeeper.server.ZooKeeperServer)
zookeeper_1  | [2023-01-11 08:40:04,913] INFO Server environment:user.name=appuser (org.apache.zookeeper.server.ZooKeeperServer)
zookeeper_1  | [2023-01-11 08:40:04,913] INFO Server environment:user.home=/home/appuser (org.apache.zookeeper.server.ZooKeeperServer)
zookeeper_1  | [2023-01-11 08:40:04,913] INFO Server environment:user.dir=/home/appuser (org.apache.zookeeper.server.ZooKeeperServer)
zookeeper_1  | [2023-01-11 08:40:04,913] INFO Server environment:os.memory.free=493MB (org.apache.zookeeper.server.ZooKeeperServer)
zookeeper_1  | [2023-01-11 08:40:04,913] INFO Server environment:os.memory.max=512MB (org.apache.zookeeper.server.ZooKeeperServer)
zookeeper_1  | [2023-01-11 08:40:04,913] INFO Server environment:os.memory.total=512MB (org.apache.zookeeper.server.ZooKeeperServer)
zookeeper_1  | [2023-01-11 08:40:04,913] INFO zookeeper.enableEagerACLCheck = false (org.apache.zookeeper.server.ZooKeeperServer)
zookeeper_1  | [2023-01-11 08:40:04,913] INFO zookeeper.digest.enabled = true (org.apache.zookeeper.server.ZooKeeperServer)
zookeeper_1  | [2023-01-11 08:40:04,913] INFO zookeeper.closeSessionTxn.enabled = true (org.apache.zookeeper.server.ZooKeeperServer)
zookeeper_1  | [2023-01-11 08:40:04,913] INFO zookeeper.flushDelay=0 (org.apache.zookeeper.server.ZooKeeperServer)
zookeeper_1  | [2023-01-11 08:40:04,913] INFO zookeeper.maxWriteQueuePollTime=0 (org.apache.zookeeper.server.ZooKeeperServer)
zookeeper_1  | [2023-01-11 08:40:04,913] INFO zookeeper.maxBatchSize=1000 (org.apache.zookeeper.server.ZooKeeperServer)
zookeeper_1  | [2023-01-11 08:40:04,913] INFO zookeeper.intBufferStartingSizeBytes = 1024 (org.apache.zookeeper.server.ZooKeeperServer)
zookeeper_1  | [2023-01-11 08:40:04,915] INFO Weighed connection throttling is disabled (org.apache.zookeeper.server.BlueThrottle)
zookeeper_1  | [2023-01-11 08:40:04,917] INFO minSessionTimeout set to 4000 (org.apache.zookeeper.server.ZooKeeperServer)
zookeeper_1  | [2023-01-11 08:40:04,917] INFO maxSessionTimeout set to 40000 (org.apache.zookeeper.server.ZooKeeperServer)
zookeeper_1  | [2023-01-11 08:40:04,919] INFO Response cache size is initialized with value 400. (org.apache.zookeeper.server.ResponseCache)
zookeeper_1  | [2023-01-11 08:40:04,919] INFO Response cache size is initialized with value 400. (org.apache.zookeeper.server.ResponseCache)
zookeeper_1  | [2023-01-11 08:40:04,920] INFO zookeeper.pathStats.slotCapacity = 60 (org.apache.zookeeper.server.util.RequestPathMetricsCollector)
zookeeper_1  | [2023-01-11 08:40:04,920] INFO zookeeper.pathStats.slotDuration = 15 (org.apache.zookeeper.server.util.RequestPathMetricsCollector)
zookeeper_1  | [2023-01-11 08:40:04,920] INFO zookeeper.pathStats.maxDepth = 6 (org.apache.zookeeper.server.util.RequestPathMetricsCollector)
zookeeper_1  | [2023-01-11 08:40:04,921] INFO zookeeper.pathStats.initialDelay = 5 (org.apache.zookeeper.server.util.RequestPathMetricsCollector)
zookeeper_1  | [2023-01-11 08:40:04,921] INFO zookeeper.pathStats.delay = 5 (org.apache.zookeeper.server.util.RequestPathMetricsCollector)
zookeeper_1  | [2023-01-11 08:40:04,921] INFO zookeeper.pathStats.enabled = false (org.apache.zookeeper.server.util.RequestPathMetricsCollector)
zookeeper_1  | [2023-01-11 08:40:04,924] INFO The max bytes for all large requests are set to 104857600 (org.apache.zookeeper.server.ZooKeeperServer)
zookeeper_1  | [2023-01-11 08:40:04,924] INFO The large request threshold is set to -1 (org.apache.zookeeper.server.ZooKeeperServer)
zookeeper_1  | [2023-01-11 08:40:04,924] INFO Created server with tickTime 2000 minSessionTimeout 4000 maxSessionTimeout 40000 clientPortListenBacklog -1 datadir /var/lib/zookeeper/log/version-2 snapdir /var/lib/zookeeper/data/version-2 (org.apache.zookeeper.server.ZooKeeperServer)
zookeeper_1  | [2023-01-11 08:40:04,957] INFO Logging initialized @911ms to org.eclipse.jetty.util.log.Slf4jLog (org.eclipse.jetty.util.log)
zookeeper_1  | [2023-01-11 08:40:05,106] WARN o.e.j.s.ServletContextHandler@1500b2f3{/,null,STOPPED} contextPath ends with /* (org.eclipse.jetty.server.handler.ContextHandler)
zookeeper_1  | [2023-01-11 08:40:05,106] WARN Empty contextPath (org.eclipse.jetty.server.handler.ContextHandler)
zookeeper_1  | [2023-01-11 08:40:05,139] INFO jetty-9.4.48.v20220622; built: 2022-06-21T20:42:25.880Z; git: 6b67c5719d1f4371b33655ff2d047d24e171e49a; jvm 11.0.17+8-LTS (org.eclipse.jetty.server.Server)
zookeeper_1  | [2023-01-11 08:40:05,190] INFO DefaultSessionIdManager workerName=node0 (org.eclipse.jetty.server.session)
zookeeper_1  | [2023-01-11 08:40:05,190] INFO No SessionScavenger set, using defaults (org.eclipse.jetty.server.session)
zookeeper_1  | [2023-01-11 08:40:05,192] INFO node0 Scavenging every 600000ms (org.eclipse.jetty.server.session)
zookeeper_1  | [2023-01-11 08:40:05,199] WARN ServletContext@o.e.j.s.ServletContextHandler@1500b2f3{/,null,STARTING} has uncovered http methods for path: /* (org.eclipse.jetty.security.SecurityHandler)
zookeeper_1  | [2023-01-11 08:40:05,221] INFO Started o.e.j.s.ServletContextHandler@1500b2f3{/,null,AVAILABLE} (org.eclipse.jetty.server.handler.ContextHandler)
zookeeper_1  | [2023-01-11 08:40:05,250] INFO Started ServerConnector@1750fbeb{HTTP/1.1, (http/1.1)}{0.0.0.0:8080} (org.eclipse.jetty.server.AbstractConnector)
zookeeper_1  | [2023-01-11 08:40:05,250] INFO Started @1204ms (org.eclipse.jetty.server.Server)
zookeeper_1  | [2023-01-11 08:40:05,250] INFO Started AdminServer on address 0.0.0.0, port 8080 and command URL /commands (org.apache.zookeeper.server.admin.JettyAdminServer)
zookeeper_1  | [2023-01-11 08:40:05,259] INFO Using org.apache.zookeeper.server.NIOServerCnxnFactory as server connection factory (org.apache.zookeeper.server.ServerCnxnFactory)
zookeeper_1  | [2023-01-11 08:40:05,261] WARN maxCnxns is not configured, using default value 0. (org.apache.zookeeper.server.ServerCnxnFactory)
zookeeper_1  | [2023-01-11 08:40:05,264] INFO Configuring NIO connection handler with 10s sessionless connection timeout, 1 selector thread(s), 12 worker threads, and 64 kB direct buffers. (org.apache.zookeeper.server.NIOServerCnxnFactory)
zookeeper_1  | [2023-01-11 08:40:05,266] INFO binding to port 0.0.0.0/0.0.0.0:2181 (org.apache.zookeeper.server.NIOServerCnxnFactory)
zookeeper_1  | [2023-01-11 08:40:05,293] INFO Using org.apache.zookeeper.server.watch.WatchManager as watch manager (org.apache.zookeeper.server.watch.WatchManagerFactory)
zookeeper_1  | [2023-01-11 08:40:05,293] INFO Using org.apache.zookeeper.server.watch.WatchManager as watch manager (org.apache.zookeeper.server.watch.WatchManagerFactory)
zookeeper_1  | [2023-01-11 08:40:05,295] INFO zookeeper.snapshotSizeFactor = 0.33 (org.apache.zookeeper.server.ZKDatabase)
zookeeper_1  | [2023-01-11 08:40:05,295] INFO zookeeper.commitLogCount=500 (org.apache.zookeeper.server.ZKDatabase)
zookeeper_1  | [2023-01-11 08:40:05,306] INFO zookeeper.snapshot.compression.method = CHECKED (org.apache.zookeeper.server.persistence.SnapStream)
zookeeper_1  | [2023-01-11 08:40:05,306] INFO Snapshotting: 0x0 to /var/lib/zookeeper/data/version-2/snapshot.0 (org.apache.zookeeper.server.persistence.FileTxnSnapLog)
zookeeper_1  | [2023-01-11 08:40:05,311] INFO Snapshot loaded in 16 ms, highest zxid is 0x0, digest is 1371985504 (org.apache.zookeeper.server.ZKDatabase)
zookeeper_1  | [2023-01-11 08:40:05,311] INFO Snapshotting: 0x0 to /var/lib/zookeeper/data/version-2/snapshot.0 (org.apache.zookeeper.server.persistence.FileTxnSnapLog)
zookeeper_1  | [2023-01-11 08:40:05,312] INFO Snapshot taken in 1 ms (org.apache.zookeeper.server.ZooKeeperServer)
zookeeper_1  | [2023-01-11 08:40:05,327] INFO PrepRequestProcessor (sid:0) started, reconfigEnabled=false (org.apache.zookeeper.server.PrepRequestProcessor)
zookeeper_1  | [2023-01-11 08:40:05,328] INFO zookeeper.request_throttler.shutdownTimeout = 10000 (org.apache.zookeeper.server.RequestThrottler)
zookeeper_1  | [2023-01-11 08:40:05,349] INFO Using checkIntervalMs=60000 maxPerMinute=10000 maxNeverUsedIntervalMs=0 (org.apache.zookeeper.server.ContainerManager)
zookeeper_1  | [2023-01-11 08:40:05,351] INFO ZooKeeper audit is disabled. (org.apache.zookeeper.audit.ZKAuditProvider)
kafka_1      | ===> Running preflight checks ... 
kafka_1      | ===> Check if /var/lib/kafka/data is writable ...
kafka_1      | ===> Check if Zookeeper is healthy ...
kafka_1      | [2023-01-11 08:40:08,621] INFO Client environment:zookeeper.version=3.6.3--6401e4ad2087061bc6b9f80dec2d69f2e3c8660a, built on 04/08/2021 16:35 GMT (org.apache.zookeeper.ZooKeeper)
kafka_1      | [2023-01-11 08:40:08,622] INFO Client environment:host.name=949b80daf5bb (org.apache.zookeeper.ZooKeeper)
kafka_1      | [2023-01-11 08:40:08,622] INFO Client environment:java.version=11.0.17 (org.apache.zookeeper.ZooKeeper)
kafka_1      | [2023-01-11 08:40:08,622] INFO Client environment:java.vendor=Azul Systems, Inc. (org.apache.zookeeper.ZooKeeper)
kafka_1      | [2023-01-11 08:40:08,622] INFO Client environment:java.home=/usr/lib/jvm/zulu11-ca (org.apache.zookeeper.ZooKeeper)
kafka_1      | [2023-01-11 08:40:08,622] INFO Client environment:java.class.path=/usr/share/java/cp-base-new/scala-java8-compat_2.13-1.0.2.jar:/usr/share/java/cp-base-new/common-utils-7.3.1.jar:/usr/share/java/cp-base-new/scala-logging_2.13-3.9.4.jar:/usr/share/java/cp-base-new/metrics-core-2.2.0.jar:/usr/share/java/cp-base-new/reload4j-1.2.19.jar:/usr/share/java/cp-base-new/zookeeper-3.6.3.jar:/usr/share/java/cp-base-new/paranamer-2.8.jar:/usr/share/java/cp-base-new/kafka_2.13-7.3.1-ccs.jar:/usr/share/java/cp-base-new/slf4j-api-1.7.36.jar:/usr/share/java/cp-base-new/jackson-databind-2.13.4.2.jar:/usr/share/java/cp-base-new/audience-annotations-0.5.0.jar:/usr/share/java/cp-base-new/re2j-1.6.jar:/usr/share/java/cp-base-new/jmx_prometheus_javaagent-0.17.2.jar:/usr/share/java/cp-base-new/minimal-json-0.9.5.jar:/usr/share/java/cp-base-new/argparse4j-0.7.0.jar:/usr/share/java/cp-base-new/utility-belt-7.3.1.jar:/usr/share/java/cp-base-new/kafka-server-common-7.3.1-ccs.jar:/usr/share/java/cp-base-new/kafka-storage-7.3.1-ccs.jar:/usr/share/java/cp-base-new/jolokia-core-1.7.1.jar:/usr/share/java/cp-base-new/scala-reflect-2.13.10.jar:/usr/share/java/cp-base-new/kafka-storage-api-7.3.1-ccs.jar:/usr/share/java/cp-base-new/zookeeper-jute-3.6.3.jar:/usr/share/java/cp-base-new/scala-collection-compat_2.13-2.6.0.jar:/usr/share/java/cp-base-new/jackson-module-scala_2.13-2.13.4.jar:/usr/share/java/cp-base-new/commons-cli-1.4.jar:/usr/share/java/cp-base-new/kafka-clients-7.3.1-ccs.jar:/usr/share/java/cp-base-new/kafka-metadata-7.3.1-ccs.jar:/usr/share/java/cp-base-new/jose4j-0.7.9.jar:/usr/share/java/cp-base-new/gson-2.9.0.jar:/usr/share/java/cp-base-new/zstd-jni-1.5.2-1.jar:/usr/share/java/cp-base-new/scala-library-2.13.10.jar:/usr/share/java/cp-base-new/logredactor-1.0.10.jar:/usr/share/java/cp-base-new/logredactor-metrics-1.0.10.jar:/usr/share/java/cp-base-new/jackson-core-2.13.4.jar:/usr/share/java/cp-base-new/snappy-java-1.1.8.4.jar:/usr/share/java/cp-base-new/lz4-java-1.8.0.jar:/usr/share/java/cp-base-new/jackson-dataformat-csv-2.13.4.jar:/usr/share/java/cp-base-new/kafka-raft-7.3.1-ccs.jar:/usr/share/java/cp-base-new/jackson-annotations-2.13.4.jar:/usr/share/java/cp-base-new/json-simple-1.1.1.jar:/usr/share/java/cp-base-new/slf4j-reload4j-1.7.36.jar:/usr/share/java/cp-base-new/disk-usage-agent-7.3.1.jar:/usr/share/java/cp-base-new/snakeyaml-1.32.jar:/usr/share/java/cp-base-new/jolokia-jvm-1.7.1.jar:/usr/share/java/cp-base-new/metrics-core-4.1.12.1.jar:/usr/share/java/cp-base-new/jopt-simple-5.0.4.jar:/usr/share/java/cp-base-new/jackson-dataformat-yaml-2.13.4.jar:/usr/share/java/cp-base-new/jackson-datatype-jdk8-2.13.4.jar (org.apache.zookeeper.ZooKeeper)
kafka_1      | [2023-01-11 08:40:08,622] INFO Client environment:java.library.path=/usr/java/packages/lib:/usr/lib64:/lib64:/lib:/usr/lib (org.apache.zookeeper.ZooKeeper)
kafka_1      | [2023-01-11 08:40:08,622] INFO Client environment:java.io.tmpdir=/tmp (org.apache.zookeeper.ZooKeeper)
kafka_1      | [2023-01-11 08:40:08,623] INFO Client environment:java.compiler=<NA> (org.apache.zookeeper.ZooKeeper)
kafka_1      | [2023-01-11 08:40:08,623] INFO Client environment:os.name=Linux (org.apache.zookeeper.ZooKeeper)
kafka_1      | [2023-01-11 08:40:08,623] INFO Client environment:os.arch=amd64 (org.apache.zookeeper.ZooKeeper)
kafka_1      | [2023-01-11 08:40:08,623] INFO Client environment:os.version=5.10.25-linuxkit (org.apache.zookeeper.ZooKeeper)
kafka_1      | [2023-01-11 08:40:08,623] INFO Client environment:user.name=appuser (org.apache.zookeeper.ZooKeeper)
kafka_1      | [2023-01-11 08:40:08,624] INFO Client environment:user.home=/home/appuser (org.apache.zookeeper.ZooKeeper)
kafka_1      | [2023-01-11 08:40:08,624] INFO Client environment:user.dir=/home/appuser (org.apache.zookeeper.ZooKeeper)
kafka_1      | [2023-01-11 08:40:08,624] INFO Client environment:os.memory.free=57MB (org.apache.zookeeper.ZooKeeper)
kafka_1      | [2023-01-11 08:40:08,624] INFO Client environment:os.memory.max=1046MB (org.apache.zookeeper.ZooKeeper)
kafka_1      | [2023-01-11 08:40:08,625] INFO Client environment:os.memory.total=66MB (org.apache.zookeeper.ZooKeeper)
kafka_1      | [2023-01-11 08:40:08,630] INFO Initiating client connection, connectString=zookeeper:2181 sessionTimeout=40000 watcher=io.confluent.admin.utils.ZookeeperConnectionWatcher@516be40f (org.apache.zookeeper.ZooKeeper)
kafka_1      | [2023-01-11 08:40:08,636] INFO Setting -D jdk.tls.rejectClientInitiatedRenegotiation=true to disable client-initiated TLS renegotiation (org.apache.zookeeper.common.X509Util)
kafka_1      | [2023-01-11 08:40:08,647] INFO jute.maxbuffer value is 1048575 Bytes (org.apache.zookeeper.ClientCnxnSocket)
kafka_1      | [2023-01-11 08:40:08,656] INFO zookeeper.request.timeout value is 0. feature enabled=false (org.apache.zookeeper.ClientCnxn)
kafka_1      | [2023-01-11 08:40:08,701] INFO Opening socket connection to server zookeeper/172.30.0.2:2181. (org.apache.zookeeper.ClientCnxn)
kafka_1      | [2023-01-11 08:40:08,703] INFO SASL config status: Will not attempt to authenticate using SASL (unknown error) (org.apache.zookeeper.ClientCnxn)
kafka_1      | [2023-01-11 08:40:08,720] INFO Socket connection established, initiating session, client: /172.30.0.3:33656, server: zookeeper/172.30.0.2:2181 (org.apache.zookeeper.ClientCnxn)
zookeeper_1  | [2023-01-11 08:40:08,743] INFO Creating new log file: log.1 (org.apache.zookeeper.server.persistence.FileTxnLog)
kafka_1      | [2023-01-11 08:40:08,760] INFO Session establishment complete on server zookeeper/172.30.0.2:2181, session id = 0x100084164ea0000, negotiated timeout = 40000 (org.apache.zookeeper.ClientCnxn)
kafka_1      | [2023-01-11 08:40:08,778] WARN An exception was thrown while closing send thread for session 0x100084164ea0000. (org.apache.zookeeper.ClientCnxn)
kafka_1      | EndOfStreamException: Unable to read additional data from server sessionid 0x100084164ea0000, likely server has closed socket
kafka_1      | 	at org.apache.zookeeper.ClientCnxnSocketNIO.doIO(ClientCnxnSocketNIO.java:77)
kafka_1      | 	at org.apache.zookeeper.ClientCnxnSocketNIO.doTransport(ClientCnxnSocketNIO.java:350)
kafka_1      | 	at org.apache.zookeeper.ClientCnxn$SendThread.run(ClientCnxn.java:1290)
kafka_1      | [2023-01-11 08:40:08,886] INFO Session: 0x100084164ea0000 closed (org.apache.zookeeper.ZooKeeper)
kafka_1      | [2023-01-11 08:40:08,886] INFO EventThread shut down for session: 0x100084164ea0000 (org.apache.zookeeper.ClientCnxn)
kafka_1      | Using log4j config /etc/kafka/log4j.properties
kafka_1      | ===> Launching ... 
kafka_1      | ===> Launching kafka ... 
kafka_1      | [2023-01-11 08:40:09,793] INFO Registered kafka:type=kafka.Log4jController MBean (kafka.utils.Log4jControllerRegistration$)
kafka_1      | [2023-01-11 08:40:10,160] INFO Setting -D jdk.tls.rejectClientInitiatedRenegotiation=true to disable client-initiated TLS renegotiation (org.apache.zookeeper.common.X509Util)
kafka_1      | [2023-01-11 08:40:10,289] INFO Registered signal handlers for TERM, INT, HUP (org.apache.kafka.common.utils.LoggingSignalHandler)
kafka_1      | [2023-01-11 08:40:10,292] INFO starting (kafka.server.KafkaServer)
kafka_1      | [2023-01-11 08:40:10,293] INFO Connecting to zookeeper on zookeeper:2181 (kafka.server.KafkaServer)
kafka_1      | [2023-01-11 08:40:10,315] INFO [ZooKeeperClient Kafka server] Initializing a new session to zookeeper:2181. (kafka.zookeeper.ZooKeeperClient)
kafka_1      | [2023-01-11 08:40:10,322] INFO Client environment:zookeeper.version=3.6.3--6401e4ad2087061bc6b9f80dec2d69f2e3c8660a, built on 04/08/2021 16:35 GMT (org.apache.zookeeper.ZooKeeper)
kafka_1      | [2023-01-11 08:40:10,322] INFO Client environment:host.name=949b80daf5bb (org.apache.zookeeper.ZooKeeper)
kafka_1      | [2023-01-11 08:40:10,322] INFO Client environment:java.version=11.0.17 (org.apache.zookeeper.ZooKeeper)
kafka_1      | [2023-01-11 08:40:10,322] INFO Client environment:java.vendor=Azul Systems, Inc. (org.apache.zookeeper.ZooKeeper)
kafka_1      | [2023-01-11 08:40:10,322] INFO Client environment:java.home=/usr/lib/jvm/zulu11-ca (org.apache.zookeeper.ZooKeeper)
kafka_1      | [2023-01-11 08:40:10,322] INFO Client environment:java.class.path=/usr/bin/../share/java/kafka/jetty-servlets-9.4.48.v20220622.jar:/usr/bin/../share/java/kafka/scala-java8-compat_2.13-1.0.2.jar:/usr/bin/../share/java/kafka/jackson-jaxrs-base-2.13.4.jar:/usr/bin/../share/java/kafka/netty-handler-4.1.79.Final.jar:/usr/bin/../share/java/kafka/jakarta.ws.rs-api-2.1.6.jar:/usr/bin/../share/java/kafka/activation-1.1.1.jar:/usr/bin/../share/java/kafka/kafka-tools-7.3.1-ccs.jar:/usr/bin/../share/java/kafka/javax.ws.rs-api-2.1.1.jar:/usr/bin/../share/java/kafka/rocksdbjni-7.1.2.jar:/usr/bin/../share/java/kafka/scala-logging_2.13-3.9.4.jar:/usr/bin/../share/java/kafka/kafka-streams-scala_2.13-7.3.1-ccs.jar:/usr/bin/../share/java/kafka/jackson-annotations-2.13.3.jar:/usr/bin/../share/java/kafka/kafka-shell-7.3.1-ccs.jar:/usr/bin/../share/java/kafka/kafka-streams-test-utils-7.3.1-ccs.jar:/usr/bin/../share/java/kafka/reflections-0.9.12.jar:/usr/bin/../share/java/kafka/netty-codec-4.1.79.Final.jar:/usr/bin/../share/java/kafka/metrics-core-2.2.0.jar:/usr/bin/../share/java/kafka/netty-transport-4.1.79.Final.jar:/usr/bin/../share/java/kafka/jakarta.xml.bind-api-2.3.3.jar:/usr/bin/../share/java/kafka/jetty-continuation-9.4.48.v20220622.jar:/usr/bin/../share/java/kafka/netty-transport-classes-epoll-4.1.79.Final.jar:/usr/bin/../share/java/kafka/jetty-client-9.4.48.v20220622.jar:/usr/bin/../share/java/kafka/reload4j-1.2.19.jar:/usr/bin/../share/java/kafka/jetty-http-9.4.48.v20220622.jar:/usr/bin/../share/java/kafka/jersey-container-servlet-2.34.jar:/usr/bin/../share/java/kafka/jetty-util-9.4.48.v20220622.jar:/usr/bin/../share/java/kafka/zookeeper-3.6.3.jar:/usr/bin/../share/java/kafka/paranamer-2.8.jar:/usr/bin/../share/java/kafka/kafka_2.13-7.3.1-ccs.jar:/usr/bin/../share/java/kafka/connect-api-7.3.1-ccs.jar:/usr/bin/../share/java/kafka/slf4j-api-1.7.36.jar:/usr/bin/../share/java/kafka/commons-lang3-3.8.1.jar:/usr/bin/../share/java/kafka/jackson-databind-2.13.4.2.jar:/usr/bin/../share/java/kafka/javassist-3.27.0-GA.jar:/usr/bin/../share/java/kafka/jakarta.activation-api-1.2.2.jar:/usr/bin/../share/java/kafka/audience-annotations-0.5.0.jar:/usr/bin/../share/java/kafka/jline-3.21.0.jar:/usr/bin/../share/java/kafka/kafka.jar:/usr/bin/../share/java/kafka/javax.servlet-api-3.1.0.jar:/usr/bin/../share/java/kafka/trogdor-7.3.1-ccs.jar:/usr/bin/../share/java/kafka/kafka-log4j-appender-7.3.1-ccs.jar:/usr/bin/../share/java/kafka/connect-mirror-7.3.1-ccs.jar:/usr/bin/../share/java/kafka/argparse4j-0.7.0.jar:/usr/bin/../share/java/kafka/swagger-annotations-2.2.0.jar:/usr/bin/../share/java/kafka/jersey-container-servlet-core-2.34.jar:/usr/bin/../share/java/kafka/jersey-common-2.34.jar:/usr/bin/../share/java/kafka/kafka-server-common-7.3.1-ccs.jar:/usr/bin/../share/java/kafka/kafka-storage-7.3.1-ccs.jar:/usr/bin/../share/java/kafka/scala-reflect-2.13.10.jar:/usr/bin/../share/java/kafka/kafka-storage-api-7.3.1-ccs.jar:/usr/bin/../share/java/kafka/jersey-hk2-2.34.jar:/usr/bin/../share/java/kafka/aopalliance-repackaged-2.6.1.jar:/usr/bin/../share/java/kafka/zookeeper-jute-3.6.3.jar:/usr/bin/../share/java/kafka/kafka-streams-examples-7.3.1-ccs.jar:/usr/bin/../share/java/kafka/scala-collection-compat_2.13-2.6.0.jar:/usr/bin/../share/java/kafka/jackson-module-scala_2.13-2.13.4.jar:/usr/bin/../share/java/kafka/jersey-client-2.34.jar:/usr/bin/../share/java/kafka/hk2-utils-2.6.1.jar:/usr/bin/../share/java/kafka/connect-mirror-client-7.3.1-ccs.jar:/usr/bin/../share/java/kafka/connect-transforms-7.3.1-ccs.jar:/usr/bin/../share/java/kafka/jetty-servlet-9.4.48.v20220622.jar:/usr/bin/../share/java/kafka/commons-cli-1.4.jar:/usr/bin/../share/java/kafka/kafka-clients-7.3.1-ccs.jar:/usr/bin/../share/java/kafka/kafka-metadata-7.3.1-ccs.jar:/usr/bin/../share/java/kafka/jackson-module-jaxb-annotations-2.13.4.jar:/usr/bin/../share/java/kafka/connect-runtime-7.3.1-ccs.jar:/usr/bin/../share/java/kafka/netty-transport-native-epoll-4.1.79.Final.jar:/usr/bin/../share/java/kafka/jose4j-0.7.9.jar:/usr/bin/../share/java/kafka/jaxb-api-2.3.0.jar:/usr/bin/../share/java/kafka/zstd-jni-1.5.2-1.jar:/usr/bin/../share/java/kafka/scala-library-2.13.10.jar:/usr/bin/../share/java/kafka/jackson-jaxrs-json-provider-2.13.4.jar:/usr/bin/../share/java/kafka/jetty-server-9.4.48.v20220622.jar:/usr/bin/../share/java/kafka/hk2-api-2.6.1.jar:/usr/bin/../share/java/kafka/netty-common-4.1.79.Final.jar:/usr/bin/../share/java/kafka/kafka-streams-7.3.1-ccs.jar:/usr/bin/../share/java/kafka/jackson-core-2.13.4.jar:/usr/bin/../share/java/kafka/snappy-java-1.1.8.4.jar:/usr/bin/../share/java/kafka/jersey-server-2.34.jar:/usr/bin/../share/java/kafka/jetty-security-9.4.48.v20220622.jar:/usr/bin/../share/java/kafka/maven-artifact-3.8.4.jar:/usr/bin/../share/java/kafka/lz4-java-1.8.0.jar:/usr/bin/../share/java/kafka/jackson-dataformat-csv-2.13.4.jar:/usr/bin/../share/java/kafka/osgi-resource-locator-1.0.3.jar:/usr/bin/../share/java/kafka/plexus-utils-3.3.0.jar:/usr/bin/../share/java/kafka/connect-basic-auth-extension-7.3.1-ccs.jar:/usr/bin/../share/java/kafka/jakarta.annotation-api-1.3.5.jar:/usr/bin/../share/java/kafka/kafka-raft-7.3.1-ccs.jar:/usr/bin/../share/java/kafka/jetty-util-ajax-9.4.48.v20220622.jar:/usr/bin/../share/java/kafka/netty-resolver-4.1.79.Final.jar:/usr/bin/../share/java/kafka/slf4j-reload4j-1.7.36.jar:/usr/bin/../share/java/kafka/jakarta.inject-2.6.1.jar:/usr/bin/../share/java/kafka/jetty-io-9.4.48.v20220622.jar:/usr/bin/../share/java/kafka/netty-buffer-4.1.79.Final.jar:/usr/bin/../share/java/kafka/connect-json-7.3.1-ccs.jar:/usr/bin/../share/java/kafka/jakarta.validation-api-2.0.2.jar:/usr/bin/../share/java/kafka/hk2-locator-2.6.1.jar:/usr/bin/../share/java/kafka/metrics-core-4.1.12.1.jar:/usr/bin/../share/java/kafka/jopt-simple-5.0.4.jar:/usr/bin/../share/java/kafka/jackson-datatype-jdk8-2.13.4.jar:/usr/bin/../share/java/kafka/netty-transport-native-unix-common-4.1.79.Final.jar:/usr/bin/../share/java/kafka/commons-lang3-3.12.0.jar:/usr/bin/../share/java/confluent-telemetry/* (org.apache.zookeeper.ZooKeeper)
kafka_1      | [2023-01-11 08:40:10,322] INFO Client environment:java.library.path=/usr/java/packages/lib:/usr/lib64:/lib64:/lib:/usr/lib (org.apache.zookeeper.ZooKeeper)
kafka_1      | [2023-01-11 08:40:10,322] INFO Client environment:java.io.tmpdir=/tmp (org.apache.zookeeper.ZooKeeper)
kafka_1      | [2023-01-11 08:40:10,322] INFO Client environment:java.compiler=<NA> (org.apache.zookeeper.ZooKeeper)
kafka_1      | [2023-01-11 08:40:10,322] INFO Client environment:os.name=Linux (org.apache.zookeeper.ZooKeeper)
kafka_1      | [2023-01-11 08:40:10,322] INFO Client environment:os.arch=amd64 (org.apache.zookeeper.ZooKeeper)
kafka_1      | [2023-01-11 08:40:10,323] INFO Client environment:os.version=5.10.25-linuxkit (org.apache.zookeeper.ZooKeeper)
kafka_1      | [2023-01-11 08:40:10,323] INFO Client environment:user.name=appuser (org.apache.zookeeper.ZooKeeper)
kafka_1      | [2023-01-11 08:40:10,323] INFO Client environment:user.home=/home/appuser (org.apache.zookeeper.ZooKeeper)
kafka_1      | [2023-01-11 08:40:10,323] INFO Client environment:user.dir=/home/appuser (org.apache.zookeeper.ZooKeeper)
kafka_1      | [2023-01-11 08:40:10,323] INFO Client environment:os.memory.free=1010MB (org.apache.zookeeper.ZooKeeper)
kafka_1      | [2023-01-11 08:40:10,323] INFO Client environment:os.memory.max=1024MB (org.apache.zookeeper.ZooKeeper)
kafka_1      | [2023-01-11 08:40:10,323] INFO Client environment:os.memory.total=1024MB (org.apache.zookeeper.ZooKeeper)
kafka_1      | [2023-01-11 08:40:10,327] INFO Initiating client connection, connectString=zookeeper:2181 sessionTimeout=18000 watcher=kafka.zookeeper.ZooKeeperClient$ZooKeeperClientWatcher$@49c6c24f (org.apache.zookeeper.ZooKeeper)
kafka_1      | [2023-01-11 08:40:10,334] INFO jute.maxbuffer value is 4194304 Bytes (org.apache.zookeeper.ClientCnxnSocket)
kafka_1      | [2023-01-11 08:40:10,341] INFO zookeeper.request.timeout value is 0. feature enabled=false (org.apache.zookeeper.ClientCnxn)
kafka_1      | [2023-01-11 08:40:10,346] INFO [ZooKeeperClient Kafka server] Waiting until connected. (kafka.zookeeper.ZooKeeperClient)
kafka_1      | [2023-01-11 08:40:10,353] INFO Opening socket connection to server zookeeper/172.30.0.2:2181. (org.apache.zookeeper.ClientCnxn)
kafka_1      | [2023-01-11 08:40:10,365] INFO Socket connection established, initiating session, client: /172.30.0.3:33722, server: zookeeper/172.30.0.2:2181 (org.apache.zookeeper.ClientCnxn)
kafka_1      | [2023-01-11 08:40:10,377] INFO Session establishment complete on server zookeeper/172.30.0.2:2181, session id = 0x100084164ea0001, negotiated timeout = 18000 (org.apache.zookeeper.ClientCnxn)
kafka_1      | [2023-01-11 08:40:10,382] INFO [ZooKeeperClient Kafka server] Connected. (kafka.zookeeper.ZooKeeperClient)
kafka_1      | [2023-01-11 08:40:10,746] INFO Cluster ID = On_kQJutTpet4Uu_wU8CsQ (kafka.server.KafkaServer)
kafka_1      | [2023-01-11 08:40:10,750] WARN No meta.properties file under dir /var/lib/kafka/data/meta.properties (kafka.server.BrokerMetadataCheckpoint)
kafka_1      | [2023-01-11 08:40:10,805] INFO KafkaConfig values: 
kafka_1      | 	advertised.listeners = PLAINTEXT://kafka:9092,PLAINTEXT_HOST://localhost:29092
kafka_1      | 	alter.config.policy.class.name = null
kafka_1      | 	alter.log.dirs.replication.quota.window.num = 11
kafka_1      | 	alter.log.dirs.replication.quota.window.size.seconds = 1
kafka_1      | 	authorizer.class.name = 
kafka_1      | 	auto.create.topics.enable = true
kafka_1      | 	auto.leader.rebalance.enable = true
kafka_1      | 	background.threads = 10
kafka_1      | 	broker.heartbeat.interval.ms = 2000
kafka_1      | 	broker.id = 1
kafka_1      | 	broker.id.generation.enable = true
kafka_1      | 	broker.rack = null
kafka_1      | 	broker.session.timeout.ms = 9000
kafka_1      | 	client.quota.callback.class = null
kafka_1      | 	compression.type = producer
kafka_1      | 	connection.failed.authentication.delay.ms = 100
kafka_1      | 	connections.max.idle.ms = 600000
kafka_1      | 	connections.max.reauth.ms = 0
kafka_1      | 	control.plane.listener.name = null
kafka_1      | 	controlled.shutdown.enable = true
kafka_1      | 	controlled.shutdown.max.retries = 3
kafka_1      | 	controlled.shutdown.retry.backoff.ms = 5000
kafka_1      | 	controller.listener.names = null
kafka_1      | 	controller.quorum.append.linger.ms = 25
kafka_1      | 	controller.quorum.election.backoff.max.ms = 1000
kafka_1      | 	controller.quorum.election.timeout.ms = 1000
kafka_1      | 	controller.quorum.fetch.timeout.ms = 2000
kafka_1      | 	controller.quorum.request.timeout.ms = 2000
kafka_1      | 	controller.quorum.retry.backoff.ms = 20
kafka_1      | 	controller.quorum.voters = []
kafka_1      | 	controller.quota.window.num = 11
kafka_1      | 	controller.quota.window.size.seconds = 1
kafka_1      | 	controller.socket.timeout.ms = 30000
kafka_1      | 	create.topic.policy.class.name = null
kafka_1      | 	default.replication.factor = 1
kafka_1      | 	delegation.token.expiry.check.interval.ms = 3600000
kafka_1      | 	delegation.token.expiry.time.ms = 86400000
kafka_1      | 	delegation.token.master.key = null
kafka_1      | 	delegation.token.max.lifetime.ms = 604800000
kafka_1      | 	delegation.token.secret.key = null
kafka_1      | 	delete.records.purgatory.purge.interval.requests = 1
kafka_1      | 	delete.topic.enable = true
kafka_1      | 	early.start.listeners = null
kafka_1      | 	fetch.max.bytes = 57671680
kafka_1      | 	fetch.purgatory.purge.interval.requests = 1000
kafka_1      | 	group.initial.rebalance.delay.ms = 3000
kafka_1      | 	group.max.session.timeout.ms = 1800000
kafka_1      | 	group.max.size = 2147483647
kafka_1      | 	group.min.session.timeout.ms = 6000
kafka_1      | 	initial.broker.registration.timeout.ms = 60000
kafka_1      | 	inter.broker.listener.name = PLAINTEXT
kafka_1      | 	inter.broker.protocol.version = 3.3-IV3
kafka_1      | 	kafka.metrics.polling.interval.secs = 10
kafka_1      | 	kafka.metrics.reporters = []
kafka_1      | 	leader.imbalance.check.interval.seconds = 300
kafka_1      | 	leader.imbalance.per.broker.percentage = 10
kafka_1      | 	listener.security.protocol.map = PLAINTEXT:PLAINTEXT,PLAINTEXT_HOST:PLAINTEXT
kafka_1      | 	listeners = PLAINTEXT://0.0.0.0:9092,PLAINTEXT_HOST://0.0.0.0:29092
kafka_1      | 	log.cleaner.backoff.ms = 15000
kafka_1      | 	log.cleaner.dedupe.buffer.size = 134217728
kafka_1      | 	log.cleaner.delete.retention.ms = 86400000
kafka_1      | 	log.cleaner.enable = true
kafka_1      | 	log.cleaner.io.buffer.load.factor = 0.9
kafka_1      | 	log.cleaner.io.buffer.size = 524288
kafka_1      | 	log.cleaner.io.max.bytes.per.second = 1.7976931348623157E308
kafka_1      | 	log.cleaner.max.compaction.lag.ms = 9223372036854775807
kafka_1      | 	log.cleaner.min.cleanable.ratio = 0.5
kafka_1      | 	log.cleaner.min.compaction.lag.ms = 0
kafka_1      | 	log.cleaner.threads = 1
kafka_1      | 	log.cleanup.policy = [delete]
kafka_1      | 	log.dir = /tmp/kafka-logs
kafka_1      | 	log.dirs = /var/lib/kafka/data
kafka_1      | 	log.flush.interval.messages = 9223372036854775807
kafka_1      | 	log.flush.interval.ms = null
kafka_1      | 	log.flush.offset.checkpoint.interval.ms = 60000
kafka_1      | 	log.flush.scheduler.interval.ms = 9223372036854775807
kafka_1      | 	log.flush.start.offset.checkpoint.interval.ms = 60000
kafka_1      | 	log.index.interval.bytes = 4096
kafka_1      | 	log.index.size.max.bytes = 10485760
kafka_1      | 	log.message.downconversion.enable = true
kafka_1      | 	log.message.format.version = 3.0-IV1
kafka_1      | 	log.message.timestamp.difference.max.ms = 9223372036854775807
kafka_1      | 	log.message.timestamp.type = CreateTime
kafka_1      | 	log.preallocate = false
kafka_1      | 	log.retention.bytes = -1
kafka_1      | 	log.retention.check.interval.ms = 300000
kafka_1      | 	log.retention.hours = 168
kafka_1      | 	log.retention.minutes = null
kafka_1      | 	log.retention.ms = null
kafka_1      | 	log.roll.hours = 168
kafka_1      | 	log.roll.jitter.hours = 0
kafka_1      | 	log.roll.jitter.ms = null
kafka_1      | 	log.roll.ms = null
kafka_1      | 	log.segment.bytes = 1073741824
kafka_1      | 	log.segment.delete.delay.ms = 60000
kafka_1      | 	max.connection.creation.rate = 2147483647
kafka_1      | 	max.connections = 2147483647
kafka_1      | 	max.connections.per.ip = 2147483647
kafka_1      | 	max.connections.per.ip.overrides = 
kafka_1      | 	max.incremental.fetch.session.cache.slots = 1000
kafka_1      | 	message.max.bytes = 1048588
kafka_1      | 	metadata.log.dir = null
kafka_1      | 	metadata.log.max.record.bytes.between.snapshots = 20971520
kafka_1      | 	metadata.log.segment.bytes = 1073741824
kafka_1      | 	metadata.log.segment.min.bytes = 8388608
kafka_1      | 	metadata.log.segment.ms = 604800000
kafka_1      | 	metadata.max.idle.interval.ms = 500
kafka_1      | 	metadata.max.retention.bytes = -1
kafka_1      | 	metadata.max.retention.ms = 604800000
kafka_1      | 	metric.reporters = []
kafka_1      | 	metrics.num.samples = 2
kafka_1      | 	metrics.recording.level = INFO
kafka_1      | 	metrics.sample.window.ms = 30000
kafka_1      | 	min.insync.replicas = 1
kafka_1      | 	node.id = 1
kafka_1      | 	num.io.threads = 8
kafka_1      | 	num.network.threads = 3
kafka_1      | 	num.partitions = 1
kafka_1      | 	num.recovery.threads.per.data.dir = 1
kafka_1      | 	num.replica.alter.log.dirs.threads = null
kafka_1      | 	num.replica.fetchers = 1
kafka_1      | 	offset.metadata.max.bytes = 4096
kafka_1      | 	offsets.commit.required.acks = -1
kafka_1      | 	offsets.commit.timeout.ms = 5000
kafka_1      | 	offsets.load.buffer.size = 5242880
kafka_1      | 	offsets.retention.check.interval.ms = 600000
kafka_1      | 	offsets.retention.minutes = 10080
kafka_1      | 	offsets.topic.compression.codec = 0
kafka_1      | 	offsets.topic.num.partitions = 50
kafka_1      | 	offsets.topic.replication.factor = 1
kafka_1      | 	offsets.topic.segment.bytes = 104857600
kafka_1      | 	password.encoder.cipher.algorithm = AES/CBC/PKCS5Padding
kafka_1      | 	password.encoder.iterations = 4096
kafka_1      | 	password.encoder.key.length = 128
kafka_1      | 	password.encoder.keyfactory.algorithm = null
kafka_1      | 	password.encoder.old.secret = null
kafka_1      | 	password.encoder.secret = null
kafka_1      | 	principal.builder.class = class org.apache.kafka.common.security.authenticator.DefaultKafkaPrincipalBuilder
kafka_1      | 	process.roles = []
kafka_1      | 	producer.purgatory.purge.interval.requests = 1000
kafka_1      | 	queued.max.request.bytes = -1
kafka_1      | 	queued.max.requests = 500
kafka_1      | 	quota.window.num = 11
kafka_1      | 	quota.window.size.seconds = 1
kafka_1      | 	remote.log.index.file.cache.total.size.bytes = 1073741824
kafka_1      | 	remote.log.manager.task.interval.ms = 30000
kafka_1      | 	remote.log.manager.task.retry.backoff.max.ms = 30000
kafka_1      | 	remote.log.manager.task.retry.backoff.ms = 500
kafka_1      | 	remote.log.manager.task.retry.jitter = 0.2
kafka_1      | 	remote.log.manager.thread.pool.size = 10
kafka_1      | 	remote.log.metadata.manager.class.name = null
kafka_1      | 	remote.log.metadata.manager.class.path = null
kafka_1      | 	remote.log.metadata.manager.impl.prefix = null
kafka_1      | 	remote.log.metadata.manager.listener.name = null
kafka_1      | 	remote.log.reader.max.pending.tasks = 100
kafka_1      | 	remote.log.reader.threads = 10
kafka_1      | 	remote.log.storage.manager.class.name = null
kafka_1      | 	remote.log.storage.manager.class.path = null
kafka_1      | 	remote.log.storage.manager.impl.prefix = null
kafka_1      | 	remote.log.storage.system.enable = false
kafka_1      | 	replica.fetch.backoff.ms = 1000
kafka_1      | 	replica.fetch.max.bytes = 1048576
kafka_1      | 	replica.fetch.min.bytes = 1
kafka_1      | 	replica.fetch.response.max.bytes = 10485760
kafka_1      | 	replica.fetch.wait.max.ms = 500
kafka_1      | 	replica.high.watermark.checkpoint.interval.ms = 5000
kafka_1      | 	replica.lag.time.max.ms = 30000
kafka_1      | 	replica.selector.class = null
kafka_1      | 	replica.socket.receive.buffer.bytes = 65536
kafka_1      | 	replica.socket.timeout.ms = 30000
kafka_1      | 	replication.quota.window.num = 11
kafka_1      | 	replication.quota.window.size.seconds = 1
kafka_1      | 	request.timeout.ms = 30000
kafka_1      | 	reserved.broker.max.id = 1000
kafka_1      | 	sasl.client.callback.handler.class = null
kafka_1      | 	sasl.enabled.mechanisms = [GSSAPI]
kafka_1      | 	sasl.jaas.config = null
kafka_1      | 	sasl.kerberos.kinit.cmd = /usr/bin/kinit
kafka_1      | 	sasl.kerberos.min.time.before.relogin = 60000
kafka_1      | 	sasl.kerberos.principal.to.local.rules = [DEFAULT]
kafka_1      | 	sasl.kerberos.service.name = null
kafka_1      | 	sasl.kerberos.ticket.renew.jitter = 0.05
kafka_1      | 	sasl.kerberos.ticket.renew.window.factor = 0.8
kafka_1      | 	sasl.login.callback.handler.class = null
kafka_1      | 	sasl.login.class = null
kafka_1      | 	sasl.login.connect.timeout.ms = null
kafka_1      | 	sasl.login.read.timeout.ms = null
kafka_1      | 	sasl.login.refresh.buffer.seconds = 300
kafka_1      | 	sasl.login.refresh.min.period.seconds = 60
kafka_1      | 	sasl.login.refresh.window.factor = 0.8
kafka_1      | 	sasl.login.refresh.window.jitter = 0.05
kafka_1      | 	sasl.login.retry.backoff.max.ms = 10000
kafka_1      | 	sasl.login.retry.backoff.ms = 100
kafka_1      | 	sasl.mechanism.controller.protocol = GSSAPI
kafka_1      | 	sasl.mechanism.inter.broker.protocol = GSSAPI
kafka_1      | 	sasl.oauthbearer.clock.skew.seconds = 30
kafka_1      | 	sasl.oauthbearer.expected.audience = null
kafka_1      | 	sasl.oauthbearer.expected.issuer = null
kafka_1      | 	sasl.oauthbearer.jwks.endpoint.refresh.ms = 3600000
kafka_1      | 	sasl.oauthbearer.jwks.endpoint.retry.backoff.max.ms = 10000
kafka_1      | 	sasl.oauthbearer.jwks.endpoint.retry.backoff.ms = 100
kafka_1      | 	sasl.oauthbearer.jwks.endpoint.url = null
kafka_1      | 	sasl.oauthbearer.scope.claim.name = scope
kafka_1      | 	sasl.oauthbearer.sub.claim.name = sub
kafka_1      | 	sasl.oauthbearer.token.endpoint.url = null
kafka_1      | 	sasl.server.callback.handler.class = null
kafka_1      | 	sasl.server.max.receive.size = 524288
kafka_1      | 	security.inter.broker.protocol = PLAINTEXT
kafka_1      | 	security.providers = null
kafka_1      | 	socket.connection.setup.timeout.max.ms = 30000
kafka_1      | 	socket.connection.setup.timeout.ms = 10000
kafka_1      | 	socket.listen.backlog.size = 50
kafka_1      | 	socket.receive.buffer.bytes = 102400
kafka_1      | 	socket.request.max.bytes = 104857600
kafka_1      | 	socket.send.buffer.bytes = 102400
kafka_1      | 	ssl.cipher.suites = []
kafka_1      | 	ssl.client.auth = none
kafka_1      | 	ssl.enabled.protocols = [TLSv1.2, TLSv1.3]
kafka_1      | 	ssl.endpoint.identification.algorithm = https
kafka_1      | 	ssl.engine.factory.class = null
kafka_1      | 	ssl.key.password = null
kafka_1      | 	ssl.keymanager.algorithm = SunX509
kafka_1      | 	ssl.keystore.certificate.chain = null
kafka_1      | 	ssl.keystore.key = null
kafka_1      | 	ssl.keystore.location = null
kafka_1      | 	ssl.keystore.password = null
kafka_1      | 	ssl.keystore.type = JKS
kafka_1      | 	ssl.principal.mapping.rules = DEFAULT
kafka_1      | 	ssl.protocol = TLSv1.3
kafka_1      | 	ssl.provider = null
kafka_1      | 	ssl.secure.random.implementation = null
kafka_1      | 	ssl.trustmanager.algorithm = PKIX
kafka_1      | 	ssl.truststore.certificates = null
kafka_1      | 	ssl.truststore.location = null
kafka_1      | 	ssl.truststore.password = null
kafka_1      | 	ssl.truststore.type = JKS
kafka_1      | 	transaction.abort.timed.out.transaction.cleanup.interval.ms = 10000
kafka_1      | 	transaction.max.timeout.ms = 900000
kafka_1      | 	transaction.remove.expired.transaction.cleanup.interval.ms = 3600000
kafka_1      | 	transaction.state.log.load.buffer.size = 5242880
kafka_1      | 	transaction.state.log.min.isr = 2
kafka_1      | 	transaction.state.log.num.partitions = 50
kafka_1      | 	transaction.state.log.replication.factor = 3
kafka_1      | 	transaction.state.log.segment.bytes = 104857600
kafka_1      | 	transactional.id.expiration.ms = 604800000
kafka_1      | 	unclean.leader.election.enable = false
kafka_1      | 	zookeeper.clientCnxnSocket = null
kafka_1      | 	zookeeper.connect = zookeeper:2181
kafka_1      | 	zookeeper.connection.timeout.ms = null
kafka_1      | 	zookeeper.max.in.flight.requests = 10
kafka_1      | 	zookeeper.session.timeout.ms = 18000
kafka_1      | 	zookeeper.set.acl = false
kafka_1      | 	zookeeper.ssl.cipher.suites = null
kafka_1      | 	zookeeper.ssl.client.enable = false
kafka_1      | 	zookeeper.ssl.crl.enable = false
kafka_1      | 	zookeeper.ssl.enabled.protocols = null
kafka_1      | 	zookeeper.ssl.endpoint.identification.algorithm = HTTPS
kafka_1      | 	zookeeper.ssl.keystore.location = null
kafka_1      | 	zookeeper.ssl.keystore.password = null
kafka_1      | 	zookeeper.ssl.keystore.type = null
kafka_1      | 	zookeeper.ssl.ocsp.enable = false
kafka_1      | 	zookeeper.ssl.protocol = TLSv1.2
kafka_1      | 	zookeeper.ssl.truststore.location = null
kafka_1      | 	zookeeper.ssl.truststore.password = null
kafka_1      | 	zookeeper.ssl.truststore.type = null
kafka_1      |  (kafka.server.KafkaConfig)
kafka_1      | [2023-01-11 08:40:10,857] INFO [ThrottledChannelReaper-Fetch]: Starting (kafka.server.ClientQuotaManager$ThrottledChannelReaper)
kafka_1      | [2023-01-11 08:40:10,857] INFO [ThrottledChannelReaper-Produce]: Starting (kafka.server.ClientQuotaManager$ThrottledChannelReaper)
kafka_1      | [2023-01-11 08:40:10,860] INFO [ThrottledChannelReaper-Request]: Starting (kafka.server.ClientQuotaManager$ThrottledChannelReaper)
kafka_1      | [2023-01-11 08:40:10,865] INFO [ThrottledChannelReaper-ControllerMutation]: Starting (kafka.server.ClientQuotaManager$ThrottledChannelReaper)
kafka_1      | [2023-01-11 08:40:10,908] INFO Loading logs from log dirs ArraySeq(/var/lib/kafka/data) (kafka.log.LogManager)
kafka_1      | [2023-01-11 08:40:10,912] INFO Attempting recovery for all logs in /var/lib/kafka/data since no clean shutdown file was found (kafka.log.LogManager)
kafka_1      | [2023-01-11 08:40:10,927] INFO Loaded 0 logs in 19ms. (kafka.log.LogManager)
kafka_1      | [2023-01-11 08:40:10,928] INFO Starting log cleanup with a period of 300000 ms. (kafka.log.LogManager)
kafka_1      | [2023-01-11 08:40:10,931] INFO Starting log flusher with a default period of 9223372036854775807 ms. (kafka.log.LogManager)
kafka_1      | [2023-01-11 08:40:10,946] INFO Starting the log cleaner (kafka.log.LogCleaner)
kafka_1      | [2023-01-11 08:40:11,000] INFO [kafka-log-cleaner-thread-0]: Starting (kafka.log.LogCleaner)
kafka_1      | [2023-01-11 08:40:11,021] INFO [feature-zk-node-event-process-thread]: Starting (kafka.server.FinalizedFeatureChangeListener$ChangeNotificationProcessorThread)
kafka_1      | [2023-01-11 08:40:11,040] INFO Feature ZK node at path: /feature does not exist (kafka.server.FinalizedFeatureChangeListener)
kafka_1      | [2023-01-11 08:40:11,075] INFO [BrokerToControllerChannelManager broker=1 name=forwarding]: Starting (kafka.server.BrokerToControllerRequestThread)
kafka_1      | [2023-01-11 08:40:11,605] INFO Updated connection-accept-rate max connection creation rate to 2147483647 (kafka.network.ConnectionQuotas)
kafka_1      | [2023-01-11 08:40:11,611] INFO Awaiting socket connections on 0.0.0.0:9092. (kafka.network.DataPlaneAcceptor)
kafka_1      | [2023-01-11 08:40:11,656] INFO [SocketServer listenerType=ZK_BROKER, nodeId=1] Created data-plane acceptor and processors for endpoint : ListenerName(PLAINTEXT) (kafka.network.SocketServer)
kafka_1      | [2023-01-11 08:40:11,657] INFO Updated connection-accept-rate max connection creation rate to 2147483647 (kafka.network.ConnectionQuotas)
kafka_1      | [2023-01-11 08:40:11,657] INFO Awaiting socket connections on 0.0.0.0:29092. (kafka.network.DataPlaneAcceptor)
kafka_1      | [2023-01-11 08:40:11,671] INFO [SocketServer listenerType=ZK_BROKER, nodeId=1] Created data-plane acceptor and processors for endpoint : ListenerName(PLAINTEXT_HOST) (kafka.network.SocketServer)
kafka_1      | [2023-01-11 08:40:11,681] INFO [BrokerToControllerChannelManager broker=1 name=alterPartition]: Starting (kafka.server.BrokerToControllerRequestThread)
kafka_1      | [2023-01-11 08:40:11,710] INFO [ExpirationReaper-1-Produce]: Starting (kafka.server.DelayedOperationPurgatory$ExpiredOperationReaper)
kafka_1      | [2023-01-11 08:40:11,712] INFO [ExpirationReaper-1-Fetch]: Starting (kafka.server.DelayedOperationPurgatory$ExpiredOperationReaper)
kafka_1      | [2023-01-11 08:40:11,714] INFO [ExpirationReaper-1-DeleteRecords]: Starting (kafka.server.DelayedOperationPurgatory$ExpiredOperationReaper)
kafka_1      | [2023-01-11 08:40:11,716] INFO [ExpirationReaper-1-ElectLeader]: Starting (kafka.server.DelayedOperationPurgatory$ExpiredOperationReaper)
kafka_1      | [2023-01-11 08:40:11,738] INFO [LogDirFailureHandler]: Starting (kafka.server.ReplicaManager$LogDirFailureHandler)
kafka_1      | [2023-01-11 08:40:11,767] INFO Creating /brokers/ids/1 (is it secure? false) (kafka.zk.KafkaZkClient)
kafka_1      | [2023-01-11 08:40:11,797] INFO Stat of the created znode at /brokers/ids/1 is: 27,27,1673426411786,1673426411786,1,0,0,72066670996881409,258,0,27
kafka_1      |  (kafka.zk.KafkaZkClient)
kafka_1      | [2023-01-11 08:40:11,798] INFO Registered broker 1 at path /brokers/ids/1 with addresses: PLAINTEXT://kafka:9092,PLAINTEXT_HOST://localhost:29092, czxid (broker epoch): 27 (kafka.zk.KafkaZkClient)
kafka_1      | [2023-01-11 08:40:11,876] INFO [ControllerEventThread controllerId=1] Starting (kafka.controller.ControllerEventManager$ControllerEventThread)
kafka_1      | [2023-01-11 08:40:11,886] INFO [ExpirationReaper-1-topic]: Starting (kafka.server.DelayedOperationPurgatory$ExpiredOperationReaper)
kafka_1      | [2023-01-11 08:40:11,896] INFO [ExpirationReaper-1-Heartbeat]: Starting (kafka.server.DelayedOperationPurgatory$ExpiredOperationReaper)
kafka_1      | [2023-01-11 08:40:11,899] INFO [ExpirationReaper-1-Rebalance]: Starting (kafka.server.DelayedOperationPurgatory$ExpiredOperationReaper)
kafka_1      | [2023-01-11 08:40:11,904] INFO Successfully created /controller_epoch with initial epoch 0 (kafka.zk.KafkaZkClient)
kafka_1      | [2023-01-11 08:40:11,918] INFO [Controller id=1] 1 successfully elected as the controller. Epoch incremented to 1 and epoch zk version is now 1 (kafka.controller.KafkaController)
kafka_1      | [2023-01-11 08:40:11,924] INFO [Controller id=1] Creating FeatureZNode at path: /feature with contents: FeatureZNode(2,Enabled,Map()) (kafka.controller.KafkaController)
kafka_1      | [2023-01-11 08:40:11,926] INFO [GroupCoordinator 1]: Starting up. (kafka.coordinator.group.GroupCoordinator)
kafka_1      | [2023-01-11 08:40:11,930] INFO Feature ZK node created at path: /feature (kafka.server.FinalizedFeatureChangeListener)
kafka_1      | [2023-01-11 08:40:11,935] INFO [GroupCoordinator 1]: Startup complete. (kafka.coordinator.group.GroupCoordinator)
kafka_1      | [2023-01-11 08:40:11,962] INFO [TransactionCoordinator id=1] Starting up. (kafka.coordinator.transaction.TransactionCoordinator)
kafka_1      | [2023-01-11 08:40:11,969] INFO [TransactionCoordinator id=1] Startup complete. (kafka.coordinator.transaction.TransactionCoordinator)
kafka_1      | [2023-01-11 08:40:11,971] INFO [Transaction Marker Channel Manager 1]: Starting (kafka.coordinator.transaction.TransactionMarkerChannelManager)
kafka_1      | [2023-01-11 08:40:11,980] INFO [Controller id=1] Registering handlers (kafka.controller.KafkaController)
kafka_1      | [2023-01-11 08:40:11,982] INFO [MetadataCache brokerId=1] Updated cache from existing <empty> to latest FinalizedFeaturesAndEpoch(features=Map(), epoch=0). (kafka.server.metadata.ZkMetadataCache)
kafka_1      | [2023-01-11 08:40:11,987] INFO [Controller id=1] Deleting log dir event notifications (kafka.controller.KafkaController)
kafka_1      | [2023-01-11 08:40:11,992] INFO [Controller id=1] Deleting isr change notifications (kafka.controller.KafkaController)
kafka_1      | [2023-01-11 08:40:11,996] INFO [Controller id=1] Initializing controller context (kafka.controller.KafkaController)
kafka_1      | [2023-01-11 08:40:12,022] INFO [ExpirationReaper-1-AlterAcls]: Starting (kafka.server.DelayedOperationPurgatory$ExpiredOperationReaper)
kafka_1      | [2023-01-11 08:40:12,023] INFO [Controller id=1] Initialized broker epochs cache: HashMap(1 -> 27) (kafka.controller.KafkaController)
kafka_1      | [2023-01-11 08:40:12,033] DEBUG [Controller id=1] Register BrokerModifications handler for Set(1) (kafka.controller.KafkaController)
kafka_1      | [2023-01-11 08:40:12,043] DEBUG [Channel manager on controller 1]: Controller 1 trying to connect to broker 1 (kafka.controller.ControllerChannelManager)
kafka_1      | [2023-01-11 08:40:12,062] INFO [RequestSendThread controllerId=1] Starting (kafka.controller.RequestSendThread)
kafka_1      | [2023-01-11 08:40:12,063] INFO [/config/changes-event-process-thread]: Starting (kafka.common.ZkNodeChangeNotificationListener$ChangeEventProcessThread)
kafka_1      | [2023-01-11 08:40:12,065] INFO [Controller id=1] Currently active brokers in the cluster: Set(1) (kafka.controller.KafkaController)
kafka_1      | [2023-01-11 08:40:12,066] INFO [Controller id=1] Currently shutting brokers in the cluster: HashSet() (kafka.controller.KafkaController)
kafka_1      | [2023-01-11 08:40:12,067] INFO [Controller id=1] Current list of topics in the cluster: HashSet() (kafka.controller.KafkaController)
kafka_1      | [2023-01-11 08:40:12,067] INFO [Controller id=1] Fetching topic deletions in progress (kafka.controller.KafkaController)
kafka_1      | [2023-01-11 08:40:12,071] INFO [Controller id=1] List of topics to be deleted:  (kafka.controller.KafkaController)
kafka_1      | [2023-01-11 08:40:12,072] INFO [Controller id=1] List of topics ineligible for deletion:  (kafka.controller.KafkaController)
kafka_1      | [2023-01-11 08:40:12,073] INFO [Controller id=1] Initializing topic deletion manager (kafka.controller.KafkaController)
kafka_1      | [2023-01-11 08:40:12,074] INFO [Topic Deletion Manager 1] Initializing manager with initial deletions: Set(), initial ineligible deletions: HashSet() (kafka.controller.TopicDeletionManager)
kafka_1      | [2023-01-11 08:40:12,076] INFO [Controller id=1] Sending update metadata request (kafka.controller.KafkaController)
kafka_1      | [2023-01-11 08:40:12,082] INFO [Controller id=1 epoch=1] Sending UpdateMetadata request to brokers HashSet(1) for 0 partitions (state.change.logger)
kafka_1      | [2023-01-11 08:40:12,083] INFO [SocketServer listenerType=ZK_BROKER, nodeId=1] Enabling request processing. (kafka.network.SocketServer)
kafka_1      | [2023-01-11 08:40:12,096] INFO [ReplicaStateMachine controllerId=1] Initializing replica state (kafka.controller.ZkReplicaStateMachine)
kafka_1      | [2023-01-11 08:40:12,104] INFO Kafka version: 7.3.1-ccs (org.apache.kafka.common.utils.AppInfoParser)
kafka_1      | [2023-01-11 08:40:12,104] INFO Kafka commitId: 8628b0341c3c46766f141043367cc0052f75b090 (org.apache.kafka.common.utils.AppInfoParser)
kafka_1      | [2023-01-11 08:40:12,104] INFO Kafka startTimeMs: 1673426412092 (org.apache.kafka.common.utils.AppInfoParser)
kafka_1      | [2023-01-11 08:40:12,105] INFO [ReplicaStateMachine controllerId=1] Triggering online replica state changes (kafka.controller.ZkReplicaStateMachine)
kafka_1      | [2023-01-11 08:40:12,113] INFO [KafkaServer id=1] started (kafka.server.KafkaServer)
kafka_1      | [2023-01-11 08:40:12,117] INFO [ReplicaStateMachine controllerId=1] Triggering offline replica state changes (kafka.controller.ZkReplicaStateMachine)
kafka_1      | [2023-01-11 08:40:12,118] DEBUG [ReplicaStateMachine controllerId=1] Started replica state machine with initial state -> HashMap() (kafka.controller.ZkReplicaStateMachine)
kafka_1      | [2023-01-11 08:40:12,128] INFO [PartitionStateMachine controllerId=1] Initializing partition state (kafka.controller.ZkPartitionStateMachine)
kafka_1      | [2023-01-11 08:40:12,133] INFO [PartitionStateMachine controllerId=1] Triggering online partition state changes (kafka.controller.ZkPartitionStateMachine)
kafka_1      | [2023-01-11 08:40:12,139] DEBUG [PartitionStateMachine controllerId=1] Started partition state machine with initial state -> HashMap() (kafka.controller.ZkPartitionStateMachine)
kafka_1      | [2023-01-11 08:40:12,140] INFO [Controller id=1] Ready to serve as the new controller with epoch 1 (kafka.controller.KafkaController)
kafka_1      | [2023-01-11 08:40:12,152] INFO [RequestSendThread controllerId=1] Controller 1 connected to kafka:9092 (id: 1 rack: null) for sending state change requests (kafka.controller.RequestSendThread)
kafka_1      | [2023-01-11 08:40:12,155] INFO [Controller id=1] Partitions undergoing preferred replica election:  (kafka.controller.KafkaController)
kafka_1      | [2023-01-11 08:40:12,156] INFO [Controller id=1] Partitions that completed preferred replica election:  (kafka.controller.KafkaController)
kafka_1      | [2023-01-11 08:40:12,157] INFO [Controller id=1] Skipping preferred replica election for partitions due to topic deletion:  (kafka.controller.KafkaController)
kafka_1      | [2023-01-11 08:40:12,157] INFO [Controller id=1] Resuming preferred replica election for partitions:  (kafka.controller.KafkaController)
kafka_1      | [2023-01-11 08:40:12,159] INFO [Controller id=1] Starting replica leader election (PREFERRED) for partitions  triggered by ZkTriggered (kafka.controller.KafkaController)
kafka_1      | [2023-01-11 08:40:12,180] INFO [Controller id=1] Starting the controller scheduler (kafka.controller.KafkaController)
kafka_1      | [2023-01-11 08:40:12,242] TRACE [Controller id=1 epoch=1] Received response UpdateMetadataResponseData(errorCode=0) for request UPDATE_METADATA with correlation id 0 sent to broker kafka:9092 (id: 1 rack: null) (state.change.logger)
kafka_1      | [2023-01-11 08:40:12,286] INFO [BrokerToControllerChannelManager broker=1 name=alterPartition]: Recorded new controller, from now on will use node kafka:9092 (id: 1 rack: null) (kafka.server.BrokerToControllerRequestThread)
kafka_1      | [2023-01-11 08:40:12,290] INFO Creating topic quickstart-events with configuration {} and initial partition assignment HashMap(0 -> ArrayBuffer(1)) (kafka.zk.AdminZkClient)
kafka_1      | [2023-01-11 08:40:12,301] INFO [BrokerToControllerChannelManager broker=1 name=forwarding]: Recorded new controller, from now on will use node kafka:9092 (id: 1 rack: null) (kafka.server.BrokerToControllerRequestThread)
kafka_1      | [2023-01-11 08:40:12,329] INFO [Controller id=1] New topics: [Set(quickstart-events)], deleted topics: [HashSet()], new partition replica assignment [Set(TopicIdReplicaAssignment(quickstart-events,Some(DRx6Qy0GR-KjQSfI7T7DPw),Map(quickstart-events-0 -> ReplicaAssignment(replicas=1, addingReplicas=, removingReplicas=))))] (kafka.controller.KafkaController)
kafka_1      | [2023-01-11 08:40:12,331] INFO [Controller id=1] New partition creation callback for quickstart-events-0 (kafka.controller.KafkaController)
kafka_1      | [2023-01-11 08:40:12,337] INFO [Controller id=1 epoch=1] Changed partition quickstart-events-0 state from NonExistentPartition to NewPartition with assigned replicas 1 (state.change.logger)
kafka_1      | [2023-01-11 08:40:12,337] INFO [Controller id=1 epoch=1] Sending UpdateMetadata request to brokers HashSet() for 0 partitions (state.change.logger)
kafka_1      | [2023-01-11 08:40:12,348] TRACE [Controller id=1 epoch=1] Changed state of replica 1 for partition quickstart-events-0 from NonExistentReplica to NewReplica (state.change.logger)
kafka_1      | [2023-01-11 08:40:12,348] INFO [Controller id=1 epoch=1] Sending UpdateMetadata request to brokers HashSet() for 0 partitions (state.change.logger)
kafka_1      | [2023-01-11 08:40:12,409] INFO [Controller id=1 epoch=1] Changed partition quickstart-events-0 from NewPartition to OnlinePartition with state LeaderAndIsr(leader=1, leaderEpoch=0, isr=List(1), leaderRecoveryState=RECOVERED, partitionEpoch=0) (state.change.logger)
kafka_1      | [2023-01-11 08:40:12,416] TRACE [Controller id=1 epoch=1] Sending become-leader LeaderAndIsr request LeaderAndIsrPartitionState(topicName='quickstart-events', partitionIndex=0, controllerEpoch=1, leader=1, leaderEpoch=0, isr=[1], partitionEpoch=0, replicas=[1], addingReplicas=[], removingReplicas=[], isNew=true, leaderRecoveryState=0) to broker 1 for partition quickstart-events-0 (state.change.logger)
kafka_1      | [2023-01-11 08:40:12,419] INFO [Controller id=1 epoch=1] Sending LeaderAndIsr request to broker 1 with 1 become-leader and 0 become-follower partitions (state.change.logger)
kafka_1      | [2023-01-11 08:40:12,432] INFO [Controller id=1 epoch=1] Sending UpdateMetadata request to brokers HashSet(1) for 1 partitions (state.change.logger)
kafka_1      | [2023-01-11 08:40:12,433] TRACE [Controller id=1 epoch=1] Changed state of replica 1 for partition quickstart-events-0 from NewReplica to OnlineReplica (state.change.logger)
kafka_1      | [2023-01-11 08:40:12,434] INFO [Controller id=1 epoch=1] Sending UpdateMetadata request to brokers HashSet() for 0 partitions (state.change.logger)
kafka_1      | [2023-01-11 08:40:12,444] INFO [Broker id=1] Handling LeaderAndIsr request correlationId 1 from controller 1 for 1 partitions (state.change.logger)
kafka_1      | [2023-01-11 08:40:12,446] TRACE [Broker id=1] Received LeaderAndIsr request LeaderAndIsrPartitionState(topicName='quickstart-events', partitionIndex=0, controllerEpoch=1, leader=1, leaderEpoch=0, isr=[1], partitionEpoch=0, replicas=[1], addingReplicas=[], removingReplicas=[], isNew=true, leaderRecoveryState=0) correlation id 1 from controller 1 epoch 1 (state.change.logger)
kafka_1      | [2023-01-11 08:40:12,477] TRACE [Broker id=1] Handling LeaderAndIsr request correlationId 1 from controller 1 epoch 1 starting the become-leader transition for partition quickstart-events-0 (state.change.logger)
kafka_1      | [2023-01-11 08:40:12,481] INFO [ReplicaFetcherManager on broker 1] Removed fetcher for partitions Set(quickstart-events-0) (kafka.server.ReplicaFetcherManager)
kafka_1      | [2023-01-11 08:40:12,482] INFO [Broker id=1] Stopped fetchers as part of LeaderAndIsr request correlationId 1 from controller 1 epoch 1 as part of the become-leader transition for 1 partitions (state.change.logger)
kafka_1      | [2023-01-11 08:40:12,617] INFO [LogLoader partition=quickstart-events-0, dir=/var/lib/kafka/data] Loading producer state till offset 0 with message format version 2 (kafka.log.UnifiedLog$)
kafka_1      | [2023-01-11 08:40:12,645] INFO Created log for partition quickstart-events-0 in /var/lib/kafka/data/quickstart-events-0 with properties {} (kafka.log.LogManager)
kafka_1      | [2023-01-11 08:40:12,651] INFO [Partition quickstart-events-0 broker=1] No checkpointed highwatermark is found for partition quickstart-events-0 (kafka.cluster.Partition)
kafka_1      | [2023-01-11 08:40:12,652] INFO [Partition quickstart-events-0 broker=1] Log loaded for partition quickstart-events-0 with initial high watermark 0 (kafka.cluster.Partition)
kafka_1      | [2023-01-11 08:40:12,655] INFO [Broker id=1] Leader quickstart-events-0 with topic id Some(DRx6Qy0GR-KjQSfI7T7DPw) starts at leader epoch 0 from offset 0 with partition epoch 0, high watermark 0, ISR [1], adding replicas [] and removing replicas []. Previous leader epoch was -1. (state.change.logger)
kafka_1      | [2023-01-11 08:40:12,676] TRACE [Broker id=1] Completed LeaderAndIsr request correlationId 1 from controller 1 epoch 1 for the become-leader transition for partition quickstart-events-0 (state.change.logger)
kafka_1      | [2023-01-11 08:40:12,689] INFO [Broker id=1] Finished LeaderAndIsr request in 250ms correlationId 1 from controller 1 for 1 partitions (state.change.logger)
kafka_1      | [2023-01-11 08:40:12,695] TRACE [Controller id=1 epoch=1] Received response LeaderAndIsrResponseData(errorCode=0, partitionErrors=[], topics=[LeaderAndIsrTopicError(topicId=DRx6Qy0GR-KjQSfI7T7DPw, partitionErrors=[LeaderAndIsrPartitionError(topicName='', partitionIndex=0, errorCode=0)])]) for request LEADER_AND_ISR with correlation id 1 sent to broker kafka:9092 (id: 1 rack: null) (state.change.logger)
kafka_1      | [2023-01-11 08:40:12,705] TRACE [Broker id=1] Cached leader info UpdateMetadataPartitionState(topicName='quickstart-events', partitionIndex=0, controllerEpoch=1, leader=1, leaderEpoch=0, isr=[1], zkVersion=0, replicas=[1], offlineReplicas=[]) for partition quickstart-events-0 in response to UpdateMetadata request sent by controller 1 epoch 1 with correlation id 2 (state.change.logger)
kafka_1      | [2023-01-11 08:40:12,707] INFO [Broker id=1] Add 1 partitions and deleted 0 partitions from metadata cache in response to UpdateMetadata request sent by controller 1 epoch 1 with correlation id 2 (state.change.logger)
kafka_1      | [2023-01-11 08:40:12,709] TRACE [Controller id=1 epoch=1] Received response UpdateMetadataResponseData(errorCode=0) for request UPDATE_METADATA with correlation id 2 sent to broker kafka:9092 (id: 1 rack: null) (state.change.logger)
Gracefully stopping... (press Ctrl+C again to force)
